\BOOKMARK [0][-]{chapter.1}{\376\377\000W\000e\000l\000c\000o\000m\000e\000\040\000t\000o\000\040\000K\000u\000b\000u\000n\000t\000u}{}% 1
\BOOKMARK [1][-]{section.1.1}{\376\377\000T\000h\000e\000\040\000K\000u\000b\000u\000n\000t\000u\000\040\000P\000h\000i\000l\000o\000s\000o\000p\000h\000y}{chapter.1}% 2
\BOOKMARK [1][-]{section.1.2}{\376\377\000W\000h\000a\000t\000\040\000i\000s\000\040\000L\000i\000n\000u\000x\000?}{chapter.1}% 3
\BOOKMARK [1][-]{section.1.3}{\376\377\000W\000h\000a\000t\000\040\000i\000s\000\040\000K\000D\000E\000?}{chapter.1}% 4
\BOOKMARK [1][-]{section.1.4}{\376\377\000T\000h\000a\000n\000k\000\040\000Y\000o\000u\000!}{chapter.1}% 5
\BOOKMARK [0][-]{chapter.2}{\376\377\000I\000n\000s\000t\000a\000l\000l\000a\000t\000i\000o\000n}{}% 6
\BOOKMARK [1][-]{section.2.1}{\376\377\000W\000h\000y\000\040\000t\000r\000y\000\040\000K\000u\000b\000u\000n\000t\000u\000?}{chapter.2}% 7
\BOOKMARK [1][-]{section.2.2}{\376\377\000P\000r\000e\000p\000a\000r\000i\000n\000g\000\040\000t\000h\000e\000\040\000I\000n\000s\000t\000a\000l\000l\000a\000t\000i\000o\000n\000\040\000m\000e\000d\000i\000a}{chapter.2}% 8
\BOOKMARK [2][-]{subsection.2.2.1}{\376\377\000C\000h\000e\000c\000k\000i\000n\000g\000\040\000t\000h\000e\000\040\000S\000H\000A\0002\0005\0006\000S\000U\000M}{section.2.2}% 9
\BOOKMARK [3][-]{subsubsection*.4}{\376\377\000F\000r\000o\000m\000\040\000W\000i\000n\000d\000o\000w\000s\000\040\0001\0000}{subsection.2.2.1}% 10
\BOOKMARK [3][-]{subsubsection*.5}{\376\377\000F\000r\000o\000m\000\040\000m\000a\000c\000O\000S}{subsection.2.2.1}% 11
\BOOKMARK [3][-]{subsubsection*.6}{\376\377\000F\000r\000o\000m\000\040\000U\000b\000u\000n\000t\000u\000\040\000L\000i\000n\000u\000x}{subsection.2.2.1}% 12
\BOOKMARK [2][-]{subsection.2.2.2}{\376\377\000W\000i\000n\000d\000o\000w\000s\000\040\0001\0000}{section.2.2}% 13
\BOOKMARK [3][-]{subsubsection*.7}{\376\377\000U\000S\000B\000/\000F\000l\000a\000s\000h\000\040\000D\000r\000i\000v\000e\000s}{subsection.2.2.2}% 14
\BOOKMARK [3][-]{subsubsection*.8}{\376\377\000D\000V\000D}{subsection.2.2.2}% 15
\BOOKMARK [2][-]{subsection.2.2.3}{\376\377\000m\000a\000c\000O\000S}{section.2.2}% 16
\BOOKMARK [2][-]{subsection.2.2.4}{\376\377\000E\000x\000i\000s\000t\000i\000n\000g\000\040\000K\000u\000b\000u\000n\000t\000u\000\040\000I\000n\000s\000t\000a\000l\000l}{section.2.2}% 17
\BOOKMARK [3][-]{subsubsection*.9}{\376\377\000U\000S\000B\000/\000F\000l\000a\000s\000h\000\040\000D\000r\000i\000v\000e\000s}{subsection.2.2.4}% 18
\BOOKMARK [3][-]{subsubsection*.10}{\376\377\000D\000V\000D}{subsection.2.2.4}% 19
\BOOKMARK [2][-]{subsection.2.2.5}{\376\377\000O\000t\000h\000e\000r\000\040\000L\000i\000n\000u\000x\000\040\000D\000i\000s\000t\000r\000i\000b\000u\000t\000i\000o\000n\000s}{section.2.2}% 20
\BOOKMARK [2][-]{subsection.2.2.6}{\376\377\000G\000N\000O\000M\000E\000\040\000D\000e\000s\000k\000t\000o\000p\000s}{section.2.2}% 21
\BOOKMARK [3][-]{subsubsection*.11}{\376\377\000U\000S\000B\000/\000F\000l\000a\000s\000h\000\040\000D\000r\000i\000v\000e\000s}{subsection.2.2.6}% 22
\BOOKMARK [3][-]{subsubsection*.12}{\376\377\000D\000V\000D}{subsection.2.2.6}% 23
\BOOKMARK [2][-]{subsection.2.2.7}{\376\377\000P\000l\000a\000s\000m\000a\000\040\000D\000e\000s\000k\000t\000o\000p\000s}{section.2.2}% 24
\BOOKMARK [3][-]{subsubsection*.13}{\376\377\000U\000S\000B\000/\000F\000l\000a\000s\000h\000\040\000D\000r\000i\000v\000e\000s}{subsection.2.2.7}% 25
\BOOKMARK [3][-]{subsubsection*.14}{\376\377\000D\000V\000D}{subsection.2.2.7}% 26
\BOOKMARK [1][-]{section.2.3}{\376\377\000I\000n\000s\000t\000a\000l\000l\000\040\000P\000r\000o\000c\000e\000s\000s}{chapter.2}% 27
\BOOKMARK [2][-]{subsection.2.3.1}{\376\377\000P\000r\000e\000p\000a\000r\000e}{section.2.3}% 28
\BOOKMARK [2][-]{subsection.2.3.2}{\376\377\000D\000i\000s\000k\000\040\000S\000e\000t\000u\000p}{section.2.3}% 29
\BOOKMARK [3][-]{subsubsection*.15}{\376\377\000R\000e\000s\000i\000z\000e}{subsection.2.3.2}% 30
\BOOKMARK [3][-]{subsubsection*.16}{\376\377\000U\000s\000e\000\040\000e\000n\000t\000i\000r\000e\000\040\000d\000i\000s\000k}{subsection.2.3.2}% 31
\BOOKMARK [3][-]{subsubsection*.17}{\376\377\000U\000s\000e\000\040\000e\000n\000t\000i\000r\000e\000\040\000d\000i\000s\000k\000\040\000a\000n\000d\000\040\000s\000e\000t\000\040\000u\000p\000\040\000L\000V\000M}{subsection.2.3.2}% 32
\BOOKMARK [3][-]{subsubsection*.18}{\376\377\000U\000s\000e\000\040\000e\000n\000t\000i\000r\000e\000\040\000d\000i\000s\000k\000\040\000a\000n\000d\000\040\000s\000e\000t\000\040\000u\000p\000\040\000e\000n\000c\000r\000y\000p\000t\000e\000d\000\040\000L\000V\000M}{subsection.2.3.2}% 33
\BOOKMARK [3][-]{subsubsection*.19}{\376\377\000M\000a\000n\000u\000a\000l}{subsection.2.3.2}% 34
\BOOKMARK [2][-]{subsection.2.3.3}{\376\377\000T\000i\000m\000e\000z\000o\000n\000e}{section.2.3}% 35
\BOOKMARK [2][-]{subsection.2.3.4}{\376\377\000K\000e\000y\000b\000o\000a\000r\000d}{section.2.3}% 36
\BOOKMARK [2][-]{subsection.2.3.5}{\376\377\000U\000s\000e\000r\000\040\000I\000n\000f\000o}{section.2.3}% 37
\BOOKMARK [2][-]{subsection.2.3.6}{\376\377\000S\000l\000i\000d\000e\000s\000h\000o\000w}{section.2.3}% 38
\BOOKMARK [0][-]{chapter.3}{\376\377\000B\000a\000s\000i\000c}{}% 39
\BOOKMARK [1][-]{section.3.1}{\376\377\000L\000a\000u\000n\000c\000h\000e\000r\000s}{chapter.3}% 40
\BOOKMARK [2][-]{subsection.3.1.1}{\376\377\000K\000i\000c\000k\000o\000f\000f}{section.3.1}% 41
\BOOKMARK [2][-]{subsection.3.1.2}{\376\377\000A\000p\000p\000l\000i\000c\000a\000t\000i\000o\000n\000\040\000D\000a\000s\000h\000b\000o\000a\000r\000d}{section.3.1}% 42
\BOOKMARK [2][-]{subsection.3.1.3}{\376\377\000A\000p\000p\000l\000i\000c\000a\000t\000i\000o\000n\000\040\000M\000e\000n\000u}{section.3.1}% 43
\BOOKMARK [2][-]{subsection.3.1.4}{\376\377\000S\000i\000m\000p\000l\000e\000\040\000M\000e\000n\000u}{section.3.1}% 44
\BOOKMARK [2][-]{subsection.3.1.5}{\376\377\000K\000R\000u\000n\000n\000e\000r}{section.3.1}% 45
\BOOKMARK [1][-]{section.3.2}{\376\377\000N\000e\000t\000w\000o\000r\000k\000i\000n\000g}{chapter.3}% 46
\BOOKMARK [2][-]{subsection.3.2.1}{\376\377\000W\000i\000r\000e\000d}{section.3.2}% 47
\BOOKMARK [2][-]{subsection.3.2.2}{\376\377\000W\000i\000r\000e\000l\000e\000s\000s}{section.3.2}% 48
\BOOKMARK [0][-]{chapter.4}{\376\377\000A\000d\000v\000a\000n\000c\000e\000d}{}% 49
\BOOKMARK [1][-]{section.4.1}{\376\377\000G\000l\000o\000b\000a\000l\000\040\000T\000h\000e\000m\000e\000s}{chapter.4}% 50
\BOOKMARK [1][-]{section.4.2}{\376\377\000P\000l\000a\000s\000m\000a\000\040\000S\000t\000y\000l\000e\000s}{chapter.4}% 51
\BOOKMARK [1][-]{section.4.3}{\376\377\000P\000l\000a\000s\000m\000o\000i\000d\000s}{chapter.4}% 52
\BOOKMARK [1][-]{section.4.4}{\376\377\000P\000a\000n\000e\000l}{chapter.4}% 53
\BOOKMARK [1][-]{section.4.5}{\376\377\000A\000c\000t\000i\000v\000i\000t\000i\000e\000s}{chapter.4}% 54
\BOOKMARK [1][-]{section.4.6}{\376\377\000A\000c\000t\000i\000v\000i\000t\000i\000e\000s\000\040\000f\000i\000r\000s\000t\000\040\000l\000o\000o\000k}{chapter.4}% 55
\BOOKMARK [1][-]{section.4.7}{\376\377\000A\000\040\000S\000t\000e\000p\000\040\000F\000u\000r\000t\000h\000e\000r}{chapter.4}% 56
\BOOKMARK [2][-]{subsection.4.7.1}{\376\377\000D\000r\000i\000v\000e\000r\000s}{section.4.7}% 57
\BOOKMARK [0][-]{chapter.5}{\376\377\000R\000e\000p\000o\000s\000i\000t\000o\000r\000i\000e\000s}{}% 58
\BOOKMARK [1][-]{section.5.1}{\376\377\000M\000a\000n\000a\000g\000i\000n\000g\000\040\000R\000e\000p\000o\000s\000i\000t\000o\000r\000i\000e\000s}{chapter.5}% 59
\BOOKMARK [2][-]{subsection.5.1.1}{\376\377\000A\000d\000d\000\040\000a\000\040\000R\000e\000p\000o\000s\000i\000t\000o\000r\000y}{section.5.1}% 60
\BOOKMARK [2][-]{subsection.5.1.2}{\376\377\000E\000n\000a\000b\000l\000e\000\040\000a\000\040\000R\000e\000p\000o\000s\000i\000t\000o\000r\000y}{section.5.1}% 61
\BOOKMARK [2][-]{subsection.5.1.3}{\376\377\000D\000i\000s\000a\000b\000l\000e\000\040\000a\000\040\000R\000e\000p\000o\000s\000i\000t\000o\000r\000y}{section.5.1}% 62
\BOOKMARK [2][-]{subsection.5.1.4}{\376\377\000R\000e\000m\000o\000v\000e\000\040\000a\000\040\000R\000e\000p\000o\000s\000i\000t\000o\000r\000y}{section.5.1}% 63
\BOOKMARK [2][-]{subsection.5.1.5}{\376\377\000P\000P\000A\000s\000\040\000\050\000P\000e\000r\000s\000o\000n\000a\000l\000\040\000P\000a\000c\000k\000a\000g\000e\000\040\000A\000r\000c\000h\000i\000v\000e\000\051}{section.5.1}% 64
\BOOKMARK [2][-]{subsection.5.1.6}{\376\377\000I\000n\000s\000t\000a\000l\000l\000/\000U\000n\000i\000n\000s\000t\000a\000l\000l\000\040\040\030\000.\000d\000e\000b\040\031\000\040\000f\000i\000l\000e\000s}{section.5.1}% 65
\BOOKMARK [1][-]{section.5.2}{\376\377\000M\000a\000n\000a\000g\000i\000n\000g\000\040\000P\000e\000r\000s\000o\000n\000a\000l\000\040\000P\000a\000c\000k\000a\000g\000e\000\040\000A\000r\000c\000h\000i\000v\000e\000s}{chapter.5}% 66
\BOOKMARK [2][-]{subsection.5.2.1}{\376\377\000A\000d\000d\000\040\000a\000\040\000P\000P\000A}{section.5.2}% 67
\BOOKMARK [2][-]{subsection.5.2.2}{\376\377\000R\000e\000m\000o\000v\000e\000\040\000a\000\040\000P\000P\000A}{section.5.2}% 68
\BOOKMARK [2][-]{subsection.5.2.3}{\376\377\000K\000u\000b\000u\000n\000t\000u\000\040\000B\000a\000c\000k\000p\000o\000r\000t\000s}{section.5.2}% 69
\BOOKMARK [0][-]{chapter.6}{\376\377\000S\000o\000f\000t\000w\000a\000r\000e}{}% 70
\BOOKMARK [1][-]{section.6.1}{\376\377\000S\000o\000f\000t\000w\000a\000r\000e\000\040\000M\000a\000n\000a\000g\000e\000m\000e\000n\000t}{chapter.6}% 71
\BOOKMARK [2][-]{subsection.6.1.1}{\376\377\000G\000r\000a\000p\000h\000i\000c\000a\000l\000\040\000C\000l\000i\000e\000n\000t\000s}{section.6.1}% 72
\BOOKMARK [1][-]{section.6.2}{\376\377\000U\000p\000d\000a\000t\000i\000n\000g}{chapter.6}% 73
\BOOKMARK [1][-]{section.6.3}{\376\377\000G\000r\000a\000p\000h\000i\000c\000s}{chapter.6}% 74
\BOOKMARK [1][-]{section.6.4}{\376\377\000I\000n\000t\000e\000r\000n\000e\000t}{chapter.6}% 75
\BOOKMARK [2][-]{subsection.6.4.1}{\376\377\000B\000r\000o\000w\000s\000e\000r\000s}{section.6.4}% 76
\BOOKMARK [3][-]{subsubsection*.20}{\376\377\000E\000x\000p\000o\000r\000t\000\040\000y\000o\000u\000r\000\040\000b\000o\000o\000k\000m\000a\000r\000k\000s}{subsection.6.4.1}% 77
\BOOKMARK [3][-]{subsubsection*.21}{\376\377\000I\000m\000p\000o\000r\000t\000\040\000y\000o\000u\000r\000\040\000b\000o\000o\000k\000m\000a\000r\000k\000s\000\040\000i\000n\000t\000o\000\040\000F\000i\000r\000e\000f\000o\000x}{subsection.6.4.1}% 78
\BOOKMARK [2][-]{subsection.6.4.2}{\376\377\000E\000m\000a\000i\000l\000\040\000C\000l\000i\000e\000n\000t\000s}{section.6.4}% 79
\BOOKMARK [2][-]{subsection.6.4.3}{\376\377\000C\000h\000a\000t\000\040\000C\000l\000i\000e\000n\000t\000s}{section.6.4}% 80
\BOOKMARK [1][-]{section.6.5}{\376\377\000M\000u\000l\000t\000i\000m\000e\000d\000i\000a}{chapter.6}% 81
\BOOKMARK [1][-]{section.6.6}{\376\377\000O\000f\000f\000i\000c\000e}{chapter.6}% 82
\BOOKMARK [2][-]{subsection.6.6.1}{\376\377\000P\000e\000r\000s\000o\000n\000a\000l\000\040\000I\000n\000f\000o\000r\000m\000a\000t\000i\000o\000n\000\040\000M\000a\000n\000a\000g\000e\000r\000\040\000\050\000P\000I\000M\000\051}{section.6.6}% 83
\BOOKMARK [1][-]{section.6.7}{\376\377\000S\000y\000s\000t\000e\000m\000\040\000S\000e\000t\000t\000i\000n\000g\000s}{chapter.6}% 84
\BOOKMARK [1][-]{section.6.8}{\376\377\000U\000t\000i\000l\000i\000t\000i\000e\000s}{chapter.6}% 85
\BOOKMARK [2][-]{subsection.6.8.1}{\376\377\000B\000a\000s\000h}{section.6.8}% 86
\BOOKMARK [1][-]{section.6.9}{\376\377\000F\000i\000r\000e\000w\000a\000l\000l\000\040\000c\000o\000n\000f\000i\000g\000u\000r\000a\000t\000i\000o\000n}{chapter.6}% 87
\BOOKMARK [0][-]{chapter.7}{\376\377\000C\000o\000n\000t\000r\000i\000b\000u\000t\000e}{}% 88
\BOOKMARK [1][-]{section.7.1}{\376\377\000S\000p\000r\000e\000a\000d\000i\000n\000g\000\040\000t\000h\000e\000\040\000w\000o\000r\000d}{chapter.7}% 89
\BOOKMARK [1][-]{section.7.2}{\376\377\000G\000i\000v\000i\000n\000g\000\040\000s\000u\000p\000p\000o\000r\000t\000\040\000a\000n\000d\000\040\000g\000e\000t\000t\000i\000n\000g\000\040\000i\000t}{chapter.7}% 90
\BOOKMARK [1][-]{section.7.3}{\376\377\000S\000u\000b\000s\000c\000r\000i\000b\000e}{chapter.7}% 91
\BOOKMARK [2][-]{subsection.7.3.1}{\376\377\000K\000u\000b\000u\000n\000t\000u\000\040\000U\000s\000e\000r\000s}{section.7.3}% 92
\BOOKMARK [2][-]{subsection.7.3.2}{\376\377\000K\000u\000b\000u\000n\000t\000u\000\040\000D\000e\000v\000e\000l\000o\000p\000m\000e\000n\000t}{section.7.3}% 93
\BOOKMARK [1][-]{section.7.4}{\376\377\000K\000u\000b\000u\000n\000t\000u\000\040\000I\000R\000C\000\040\000C\000h\000a\000n\000n\000e\000l\000s}{chapter.7}% 94
\BOOKMARK [1][-]{section.7.5}{\376\377\000B\000u\000g\000\040\000R\000e\000p\000o\000r\000t\000i\000n\000g}{chapter.7}% 95
\BOOKMARK [1][-]{section.7.6}{\376\377\000L\000o\000c\000a\000l\000\040\000T\000e\000a\000m\000s}{chapter.7}% 96
\BOOKMARK [1][-]{section.7.7}{\376\377\000P\000a\000c\000k\000a\000g\000i\000n\000g\000\040\000a\000n\000d\000\040\000D\000e\000v\000e\000l\000o\000p\000m\000e\000n\000t}{chapter.7}% 97
\BOOKMARK [1][-]{section.7.8}{\376\377\000T\000r\000a\000n\000s\000l\000a\000t\000i\000o\000n\000s}{chapter.7}% 98
\BOOKMARK [1][-]{section.7.9}{\376\377\000T\000e\000s\000t\000i\000n\000g}{chapter.7}% 99
\BOOKMARK [1][-]{section.7.10}{\376\377\000M\000e\000m\000b\000e\000r\000s\000h\000i\000p}{chapter.7}% 100
\BOOKMARK [0][-]{chapter.8}{\376\377\000S\000u\000p\000p\000o\000r\000t}{}% 101
\BOOKMARK [1][-]{section.8.1}{\376\377\000C\000o\000n\000t\000a\000c\000t\000\040\000a\000n\000d\000\040\000S\000u\000p\000p\000o\000r\000t}{chapter.8}% 102
\BOOKMARK [2][-]{subsection.8.1.1}{\376\377\000M\000a\000i\000l\000i\000n\000g\000\040\000L\000i\000s\000t\000s}{section.8.1}% 103
\BOOKMARK [2][-]{subsection.8.1.2}{\376\377\000I\000n\000t\000e\000r\000n\000e\000t\000\040\000R\000e\000l\000a\000y\000\040\000C\000h\000a\000t}{section.8.1}% 104
\BOOKMARK [2][-]{subsection.8.1.3}{\376\377\000F\000o\000r\000u\000m\000s}{section.8.1}% 105
\BOOKMARK [2][-]{subsection.8.1.4}{\376\377\000A\000p\000p\000l\000i\000c\000a\000t\000i\000o\000n\000\040\000H\000e\000l\000p}{section.8.1}% 106
\BOOKMARK [1][-]{section.8.2}{\376\377\000K\000u\000b\000u\000n\000t\000u\000\040\000P\000h\000o\000n\000e\000\040\000S\000u\000p\000p\000o\000r\000t}{chapter.8}% 107
\BOOKMARK [0][-]{chapter.9}{\376\377\000K\000u\000b\000u\000n\000t\000u\000\040\000P\000a\000c\000k\000a\000g\000e\000r\000s\000\040\000G\000u\000i\000d\000e}{}% 108
\BOOKMARK [1][-]{section.9.1}{\376\377\000W\000e\000l\000c\000o\000m\000e}{chapter.9}% 109
\BOOKMARK [2][-]{subsection.9.1.1}{\376\377\000K\000u\000b\000u\000n\000t\000u\000\040\000D\000e\000v\000e\000l\000o\000p\000e\000r\000s\000\040\000M\000a\000i\000l\000i\000n\000g\000\040\000L\000i\000s\000t}{section.9.1}% 110
\BOOKMARK [2][-]{subsection.9.1.2}{\376\377\000K\000u\000b\000u\000n\000t\000u\000\040\000I\000R\000C\000\040\000C\000h\000a\000n\000n\000e\000l\000s}{section.9.1}% 111
\BOOKMARK [1][-]{section.9.2}{\376\377\000G\000e\000t\000t\000i\000n\000g\000\040\000S\000t\000a\000r\000t\000e\000d}{chapter.9}% 112
\BOOKMARK [2][-]{subsection.9.2.1}{\376\377\0002\000.\000\040\000G\000e\000t\000t\000i\000n\000g\000\040\000S\000e\000t\000\040\000U\000p}{section.9.2}% 113
\BOOKMARK [3][-]{subsubsection*.22}{\376\377\0002\000.\0001\000.\000\040\000I\000n\000s\000t\000a\000l\000l\000\040\000b\000a\000s\000i\000c\000\040\000p\000a\000c\000k\000a\000g\000i\000n\000g\000\040\000s\000o\000f\000t\000w\000a\000r\000e}{subsection.9.2.1}% 114
\BOOKMARK [3][-]{subsubsection*.23}{\376\377\0002\000.\0001\000.\0001\000.\000\040\000C\000r\000e\000a\000t\000e\000\040\000y\000o\000u\000r\000\040\000G\000P\000G\000\040\000k\000e\000y}{subsection.9.2.1}% 115
\BOOKMARK [3][-]{subsubsection*.24}{\376\377\0002\000.\0001\000.\0002\000.\000\040\000C\000r\000e\000a\000t\000e\000\040\000y\000o\000u\000r\000\040\000S\000S\000H\000\040\000k\000e\000y}{subsection.9.2.1}% 116
\BOOKMARK [3][-]{subsubsection*.25}{\376\377\0002\000.\0001\000.\0003\000.\000\040\000S\000e\000t\000\040\000u\000p\000\040\000p\000b\000u\000i\000l\000d\000e\000r}{subsection.9.2.1}% 117
\BOOKMARK [2][-]{subsection.9.2.2}{\376\377\0002\000.\0002\000.\000\040\000G\000e\000t\000\040\000s\000e\000t\000\040\000u\000p\000\040\000t\000o\000\040\000w\000o\000r\000k\000\040\000w\000i\000t\000h\000\040\000L\000a\000u\000n\000c\000h\000p\000a\000d}{section.9.2}% 118
\BOOKMARK [3][-]{subsubsection*.26}{\376\377\0002\000.\0002\000.\0001\000.\000\040\000A\000b\000o\000u\000t\000\040\000L\000a\000u\000n\000c\000h\000p\000a\000d}{subsection.9.2.2}% 119
\BOOKMARK [3][-]{subsubsection*.27}{\376\377\0002\000.\0002\000.\0002\000.\000\040\000G\000e\000t\000\040\000a\000\040\000L\000a\000u\000n\000c\000h\000p\000a\000d\000\040\000a\000c\000c\000o\000u\000n\000t}{subsection.9.2.2}% 120
\BOOKMARK [3][-]{subsubsection*.28}{\376\377\0002\000.\0002\000.\0003\000.\000\040\000U\000p\000l\000o\000a\000d\000\040\000y\000o\000u\000r\000\040\000G\000P\000G\000\040\000k\000e\000y\000\040\000t\000o\000\040\000L\000a\000u\000n\000c\000h\000p\000a\000d}{subsection.9.2.2}% 121
\BOOKMARK [3][-]{subsubsection*.29}{\376\377\0002\000.\0002\000.\0004\000.\000\040\000U\000p\000l\000o\000a\000d\000\040\000y\000o\000u\000r\000\040\000S\000S\000H\000\040\000k\000e\000y\000\040\000t\000o\000\040\000L\000a\000u\000n\000c\000h\000p\000a\000d}{subsection.9.2.2}% 122
\BOOKMARK [3][-]{subsubsection*.30}{\376\377\0002\000.\0002\000.\0005\000.\000\040\000C\000o\000n\000f\000i\000g\000u\000r\000e\000\040\000B\000a\000z\000a\000a\000r}{subsection.9.2.2}% 123
\BOOKMARK [3][-]{subsubsection*.31}{\376\377\0002\000.\0002\000.\0006\000.\000\040\000C\000o\000n\000f\000i\000g\000u\000r\000e\000\040\000y\000o\000u\000r\000\040\000s\000h\000e\000l\000l}{subsection.9.2.2}% 124
\BOOKMARK [0][-]{chapter.10}{\376\377\000A\000p\000p\000e\000n\000d\000i\000x}{}% 125
\BOOKMARK [1][-]{section.10.1}{\376\377\000C\000h\000a\000n\000g\000e\000l\000o\000g}{chapter.10}% 126
\BOOKMARK [2][-]{subsection.10.1.1}{\376\377\000F\000i\000r\000s\000t\000\040\000o\000f\000f}{section.10.1}% 127
\BOOKMARK [2][-]{subsection.10.1.2}{\376\377\000C\000h\000a\000n\000g\000e\000s}{section.10.1}% 128
\BOOKMARK [1][-]{section.10.2}{\376\377\000R\000e\000f\000e\000r\000e\000n\000c\000e\000s}{chapter.10}% 129
\BOOKMARK [2][-]{subsection.10.2.1}{\376\377\000K\000u\000b\000u\000n\000t\000u\000\040\000C\000I}{section.10.2}% 130
\BOOKMARK [2][-]{subsection.10.2.2}{\376\377\000D\000e\000b\000i\000a\000n\000\040\000P\000a\000c\000k\000a\000g\000e\000s}{section.10.2}% 131
\BOOKMARK [0][-]{chapter.11}{\376\377\000I\000n\000d\000i\000c\000e\000s\000\040\000a\000n\000d\000\040\000t\000a\000b\000l\000e\000s}{}% 132
